<?xml version="1.0" encoding="UTF-8"?>
<testng-results ignored="0" total="1" passed="1" failed="0" skipped="0">
  <reporter-output>
  </reporter-output>
  <suite started-at="2022-12-14T14:32:42 IST" name="Suite" finished-at="2022-12-14T14:32:44 IST" duration-ms="1927">
    <groups>
    </groups>
    <test started-at="2022-12-14T14:32:42 IST" name="Test" finished-at="2022-12-14T14:32:44 IST" duration-ms="1927">
      <class name="testcases.DataCompare">
        <test-method signature="result()[pri:0, instance:testcases.DataCompare@3d51f06e]" started-at="2022-12-14T14:32:42 IST" name="result" finished-at="2022-12-14T14:32:44 IST" duration-ms="1826" status="PASS">
          <reporter-output>
          </reporter-output>
        </test-method> <!-- result -->
      </class> <!-- testcases.DataCompare -->
    </test> <!-- Test -->
  </suite> <!-- Suite -->
</testng-results>
